### ITECH BIYONIK-EL YAZILIMI ###
#
# Myo yazilimi baslatiliyor
# Myo cihazi araniyor...
#
# BAGLANTI YAPILDI
#
# Yazilim surumu: 1.5.1970.2
#
# Cihaz adi : My Myo
#
# HAREKET : REST
#
# EL ACIK
# HAREKET : WAVE_OUT
#
# ISARET ETME
# HAREKET : REST
#
# EL ACIK
# HAREKET : WAVE_IN
#
# 3 PARMAK TUTMA
# HAREKET : REST
#
# EL ACIK
# HAREKET : WAVE_OUT
#
# ISARET ETME
# HAREKET : REST
#
# EL ACIK
### ITECH BIYONIK-EL YAZILIMI ###
#
# Myo yazilimi baslatiliyor
# Bluetooth adaptoru bulunamadi!
#
# Cikis yapildi.
#
### ITECH BIYONIK-EL YAZILIMI ###
